<?xml version="1.0" encoding="UTF-8"?>
<!-- Generated by org.testng.reporters.JUnitReportReporter -->
<testsuite hostname="DESKTOP-4JB2423" failures="0" tests="1" name="testScripts.SendContactDetailsTest" time="15.285" errors="0" timestamp="2023-05-29T14:16:24 IST" skipped="0">
  <testcase classname="testScripts.SendContactDetailsTest" name="sendContactDetailsTest" time="15.285"/>
  <system-out/>
</testsuite> <!-- testScripts.SendContactDetailsTest -->
