<?xml version="1.0" encoding="UTF-8"?>
<!-- Generated by org.testng.reporters.JUnitReportReporter -->
<testsuite hostname="DESKTOP-4JB2423" failures="0" tests="1" name="testScripts.AddToCartTest" time="16.935" errors="0" timestamp="2023-05-30T11:41:10 IST" skipped="0">
  <testcase classname="testScripts.AddToCartTest" name="addToCartTest" time="16.935"/>
  <system-out/>
</testsuite> <!-- testScripts.AddToCartTest -->
