<?xml version="1.0" encoding="UTF-8"?>
<!-- Generated by org.testng.reporters.JUnitReportReporter -->
<testsuite hostname="DESKTOP-4JB2423" failures="0" tests="1" name="testScripts.AddphythonToCardTest" time="74.935" errors="0" timestamp="2023-05-30T14:50:51 IST" skipped="0">
  <testcase classname="testScripts.AddphythonToCardTest" name="addPythonToCart" time="74.935"/>
  <system-out/>
</testsuite> <!-- testScripts.AddphythonToCardTest -->
